  ********************************************************************************
  *                                                                              *
  *                                IMEX  2017.10                                 *
  *                   Adaptive - Implicit Black Oil Simulator                    *
  *                         General Release for Win x64                          *
  *                            2017-Oct-17   11:56:23                            *
  *                                                                              *
  *                          (c) Copyright 1977 - 2017                           *
  *                Computer Modelling Group Ltd., Calgary, Canada                *
  *                             All Rights Reserved                              *
  *                                                                              *
  ********************************************************************************


  Command-line Arguments:  -f C:\Users\ms82697\Downloads\CMG_HW2\New\Q2A.dat
                           -wd C:\Users\ms82697\Downloads\CMG_HW2\New
                           -log
                           -jacpar
                           -parasol 8
                           -wait

  Date and Time of Start of Run:  Sep 11, 2020  17:58:45


     IMEX is using the following common block maximums:

     Grid Blocks        =        6000          Wells                =    1
     Total well layers  =           1          Constraints per well =    2
     Orthogonalizations =          -1          Table Entries        =   10
 
 ===================== WARNING (from subroutine: INDYNM) ======================
  Parasol specified using -parasol on command line
  aimsol was in effect - overriding using -parasol.
 ==============================================================================
 
 
 ===================== WARNING (from subroutine: INDYNM) ======================
  INAC-WELL-SO not specifed with PARASOL in effect.
  Defaulting to INAC-WELL-SO ON and continuing.
 ==============================================================================
 
 
 ===================== SUMMARY (from subroutine: INDYNM) ======================
  Dimensioning scanning of data is complete.
  Simulation will stop if there were error messages.
     2 Warning messages.    0 Error messages.
 ==============================================================================
 
 
 ** 2020-09-09, 5:49:23 PM, ms82697
 ** 2020-09-09, 5:50:25 PM, ms82697
 ** 2020-09-09, 5:57:14 PM, ms82697
 ** 2020-09-09, 6:11:52 PM, ms82697
 ** 2020-09-09, 6:12:17 PM, ms82697
 ** 2020-09-11, 5:56:25 PM, ms82697
 ** 2020-09-11, 5:58:25 PM, ms82697
 RESULTS SIMULATOR IMEX 201710
 
 
 
 
 


     Beginning data file reading and echo . . .
 INUNIT FIELD
 WSRF WELL 1
 WSRF GRID TIME
 WSRF SECTOR TIME
 OUTSRF WELL LAYER NONE
 OUTSRF RES ALL

 =================== WARNING (from subroutine: GRDLST_CHK) ====================
  Solvent property related printout is being disabled
  This MODEL option does not allow solvent property output.
  Line: 20   File Name: C:\Users\ms82697\Downloads\CMG_HW2\New\Q2A.dat          
 ==============================================================================

 OUTSRF GRID BPP OILPOT PCOW PRES SG SO SSPRES SW WINFLUX
 WPRN GRID 0
 OUTPRN GRID NONE
 OUTPRN RES NONE
 **  Distance units: ft
 RESULTS XOFFSET           0.0000
 RESULTS YOFFSET           0.0000
 RESULTS ROTATION           0.0000  **  (DEGREES)
 RESULTS AXES-DIRECTIONS 1.0 1.0 1.0
 ** ***************************************************************************
 ** Definition of fundamental cartesian grid
 ** ***************************************************************************
 GRID VARI 80 75 1
 KDIR DOWN
 DI IVAR
  80*75
 DJ JVAR
  75*100
 DK ALL
  6000*50
 PAYDEPTH
 7495	7492	7488	7485	7482	7479	7476	7473	7469	7466	7463	7460	7457	7453	7450	7447	7444	7441	7437	7434	7431	7428	7424	7421	7418	7415	7412	7408	7405	7402	7398	7394	7390	7385	7380	7376	7371	7366	7361	7357	7352	7347	7342	7338	7333	7328	7323	7319	7314	7309	7304	7300	7295	7290	7285	7281	7276	7271	7267	7262	7257	7252	7248	7243	7238	7233	7229	7224	7219	7215	0	0	0	0	0	0	0	0	0	0
 7490	7486	7483	7479	7475	7472	7469	7465	7462	7459	7456	7453	7449	7446	7443	7440	7437	7434	7430	7427	7424	7421	7418	7414	7411	7408	7405	7402	7399	7394	7389	7383	7380	7377	7373	7368	7364	7360	7355	7351	7346	7342	7337	7332	7328	7323	7318	7313	7309	7304	7299	7295	7290	7285	7280	7276	7271	7266	7261	7257	7252	7247	7243	7238	7233	7228	7224	7219	7214	7209	0	0	0	0	0	0	0	0	0	0
 7484	7480	7477	7474	7470	7466	7462	7459	7455	7452	7449	7446	7442	7439	7435	7432	7429	7426	7423	7420	7417	7414	7411	7407	7404	7401	7397	7393	7388	7383	7378	7372	7368	7365	7362	7359	7355	7351	7347	7343	7338	7334	7330	7326	7321	7317	7312	7307	7303	7298	7294	7289	7285	7280	7275	7270	7266	7261	7256	7251	7247	7242	7237	7232	7228	7223	7218	7214	7209	7204	0	0	0	0	0	0	0	0	0	0
 7477	7475	7471	7467	7464	7461	7457	7453	7450	7446	7442	7439	7436	7432	7429	7426	7422	7419	7416	7412	7409	7406	7403	7399	7394	7390	7385	7380	7377	7371	7366	7362	7356	7353	7350	7347	7344	7341	7337	7334	7330	7326	7321	7317	7313	7308	7304	7300	7296	7291	7287	7282	7278	7273	7269	7264	7259	7255	7250	7246	7241	7237	7232	7227	7222	7218	7213	7208	7204	7200	0	0	0	0	0	0	0	0	0	0
 7471	7469	7465	7462	7458	7455	7452	7448	7444	7440	7437	7433	7429	7425	7422	7419	7416	7413	7409	7406	7403	7398	7392	7387	7382	7377	7372	7367	7364	7360	7355	7350	7346	7341	7338	7335	7332	7329	7326	7323	7320	7316	7312	7308	7304	7300	7296	7291	7287	7283	7278	7274	7270	7266	7261	7257	7252	7248	7243	7239	7234	7230	7225	7221	7216	7212	7207	7202	7198	7192	0	0	0	0	0	0	0	0	0	0
 7465	7463	7459	7456	7453	7449	7446	7443	7439	7435	7431	7428	7424	7420	7417	7413	7409	7406	7403	7399	7392	7386	7380	7374	7368	7364	7359	7355	7350	7348	7344	7338	7334	7330	7326	7323	7320	7317	7314	7311	7308	7305	7302	7298	7295	7291	7287	7283	7278	7274	7270	7266	7261	7257	7253	7248	7244	7240	7236	7231	7227	7223	7218	7213	7209	7204	7200	7196	7190	7184	0	0	0	0	0	0	0	0	0	0
 7459	7457	7454	7450	7447	7444	7440	7436	7433	7430	7426	7422	7419	7415	7411	7407	7404	7400	7393	7386	7380	7373	7368	7361	7356	7351	7347	7342	7337	7335	7332	7327	7322	7319	7314	7311	7309	7306	7303	7299	7296	7293	7290	7287	7284	7281	7277	7273	7269	7265	7261	7257	7253	7248	7244	7240	7236	7231	7227	7223	7218	7214	7210	7206	7201	7197	7192	7188	7182	7176	0	0	0	0	0	0	0	0	0	0
 7453	7451	7448	7444	7441	7438	7434	7430	7427	7424	7421	7417	7413	7409	7406	7402	7398	7388	7380	7373	7365	7360	7354	7349	7343	7338	7334	7329	7325	7321	7319	7316	7310	7306	7304	7298	7296	7294	7291	7288	7285	7281	7278	7275	7272	7269	7266	7263	7259	7256	7252	7248	7244	7240	7236	7231	7227	7223	7218	7214	7210	7206	7201	7197	7192	7188	7183	7179	7174	7169	0	0	0	0	0	0	0	0	0	0
 7447	7445	7442	7439	7435	7432	7429	7425	7421	7417	7415	7412	7408	7404	7400	7393	7386	7377	7367	7359	7352	7347	7341	7337	7331	7325	7320	7317	7312	7307	7305	7302	7299	7294	7291	7287	7284	7282	7279	7276	7273	7270	7266	7263	7260	7257	7254	7251	7248	7245	7241	7238	7234	7230	7226	7222	7218	7214	7210	7206	7201	7198	7193	7188	7184	7179	7175	7170	7166	7161	0	0	0	0	0	0	0	0	0	0
 7441	7439	7436	7433	7429	7426	7423	7419	7416	7412	7408	7405	7402	7398	7389	7380	7372	7364	7356	7346	7339	7331	7328	7322	7319	7312	7307	7303	7299	7294	7291	7289	7286	7283	7277	7276	7271	7269	7267	7264	7261	7258	7255	7252	7248	7245	7242	7239	7236	7233	7230	7227	7224	7220	7216	7213	7209	7205	7201	7198	7194	7189	7184	7180	7175	7170	7166	7161	7157	7152	0	0	0	0	0	0	0	0	0	0
 7435	7432	7430	7427	7424	7420	7417	7414	7410	7406	7402	7397	7391	7384	7377	7368	7359	7351	7343	7335	7326	7318	7313	7308	7304	7300	7294	7290	7286	7282	7278	7276	7273	7270	7266	7262	7260	7256	7254	7252	7249	7246	7243	7240	7237	7234	7230	7227	7224	7221	7218	7215	7212	7209	7206	7202	7199	7196	7194	7189	7185	7181	7176	7171	7166	7162	7157	7152	7148	7143	0	0	0	0	0	0	0	0	0	0
 7429	7426	7424	7421	7418	7414	7411	7408	7405	7401	7394	7385	7376	7369	7363	7356	7347	7338	7330	7322	7314	7305	7298	7295	7289	7287	7282	7276	7273	7269	7264	7262	7260	7257	7254	7250	7247	7245	7242	7240	7237	7234	7231	7228	7225	7222	7219	7216	7212	7209	7206	7203	7200	7200	7196	7193	7190	7187	7184	7181	7176	7172	7168	7163	7158	7153	7149	7144	7139	7135	0	0	0	0	0	0	0	0	0	0
 7423	7420	7418	7415	7412	7409	7405	7402	7398	7390	7382	7373	7365	7356	7348	7341	7334	7326	7317	7309	7301	7293	7284	7279	7276	7272	7269	7263	7259	7256	7252	7248	7246	7244	7241	7238	7234	7232	7229	7227	7225	7222	7219	7216	7213	7211	7207	7204	7201	7200	7198	7195	7192	7190	7188	7184	7181	7178	7175	7173	7168	7163	7159	7155	7150	7145	7140	7135	7131	7126	0	0	0	0	0	0	0	0	0	0
 7417	7414	7412	7409	7406	7403	7400	7396	7387	7378	7369	7361	7353	7345	7336	7327	7320	7313	7305	7296	7288	7280	7271	7264	7262	7257	7254	7251	7245	7242	7239	7234	7232	7230	7227	7225	7222	7219	7217	7214	7212	7210	7208	7205	7202	7198	7196	7193	7191	7191	7189	7186	7184	7181	7179	7176	7172	7169	7166	7164	7161	7156	7150	7146	7142	7137	7132	7127	7122	7117	0	0	0	0	0	0	0	0	0	0
 7410	7408	7406	7403	7400	7393	7388	7382	7376	7368	7358	7349	7341	7333	7324	7316	7307	7298	7292	7284	7275	7267	7259	7251	7246	7244	7239	7236	7233	7229	7225	7221	7219	7217	7214	7211	7208	7205	7203	7202	7200	7197	7194	7190	7186	7186	7183	7181	7180	7181	7180	7178	7175	7172	7170	7168	7164	7160	7157	7154	7152	7148	7143	7138	7133	7129	7124	7119	7114	7109	0	0	0	0	0	0	0	0	0	0
 7404	7402	7399	7393	7387	7380	7374	7369	7362	7355	7348	7339	7330	7321	7313	7304	7296	7287	7277	7270	7263	7254	7246	7238	7230	7228	7225	7222	7219	7215	7212	7208	7205	7203	7201	7198	7196	7192	7188	7184	7183	7182	7178	7174	7174	7174	7171	7169	7169	7170	7171	7169	7166	7164	7161	7159	7156	7152	7149	7146	7143	7140	7135	7130	7125	7120	7116	7111	7106	7100	0	0	0	0	0	0	0	0	0	0
 7397	7391	7385	7380	7374	7367	7361	7355	7349	7342	7335	7328	7319	7310	7301	7292	7284	7275	7267	7257	7249	7241	7233	7225	7217	7212	7210	7207	7204	7201	7197	7193	7188	7185	7182	7180	7177	7173	7169	7166	7170	7166	7163	7159	7164	7161	7159	7158	7158	7159	7160	7160	7158	7155	7153	7150	7148	7144	7140	7137	7134	7131	7127	7122	7117	7112	7107	7103	7098	7092	0	0	0	0	0	0	0	0	0	0
 7385	7379	7373	7367	7362	7355	7348	7342	7336	7329	7322	7315	7308	7299	7290	7281	7272	7264	7255	7247	7237	7228	7220	7212	7204	7200	7195	7189	7185	7182	7177	7173	7168	7165	7162	7162	7159	7155	7151	7149	7154	7151	7147	7146	7152	7149	7147	7147	7147	7148	7149	7149	7150	7147	7144	7141	7139	7137	7132	7128	7125	7122	7119	7115	7109	7104	7099	7094	7090	7085	0	0	0	0	0	0	0	0	0	0
 7373	7368	7361	7355	7348	7343	7336	7329	7322	7316	7309	7302	7295	7288	7279	7270	7261	7252	7244	7235	7227	7217	7207	7199	7188	7182	7176	7169	7166	7162	7158	7154	7149	7146	7143	7143	7140	7136	7133	7136	7138	7135	7131	7137	7139	7137	7135	7136	7136	7137	7138	7138	7139	7139	7136	7133	7130	7127	7125	7120	7116	7113	7110	7107	7102	7096	7091	7086	7081	7077	0	0	0	0	0	0	0	0	0	0
 7361	7356	7350	7343	7337	7330	7325	7317	7309	7303	7297	7289	7282	7275	7267	7259	7250	7241	7232	7223	7215	7206	7196	7183	7171	7162	7156	7150	7146	7142	7138	7134	7130	7126	7124	7125	7122	7118	7115	7122	7123	7119	7119	7127	7127	7124	7124	7125	7125	7126	7127	7127	7128	7128	7129	7124	7121	7119	7116	7113	7108	7104	7101	7098	7094	7089	7084	7078	7073	7068	0	0	0	0	0	0	0	0	0	0
 7349	7345	7338	7332	7324	7319	7311	7306	7298	7290	7283	7278	7269	7261	7254	7247	7239	7230	7222	7213	7204	7193	7181	7168	7155	7144	7136	7130	7125	7122	7118	7114	7111	7107	7105	7107	7103	7099	7101	7109	7107	7103	7109	7117	7114	7113	7113	7114	7114	7115	7116	7116	7117	7117	7118	7118	7113	7110	7108	7105	7101	7096	7092	7089	7087	7081	7076	7071	7065	7060	0	0	0	0	0	0	0	0	0	0
 .
 .
 .

 PERMI CON         1000
 **  0 = null block, 1 = active block
 NULL 1	1	1	1	1	1	1	1	1	1	1	1	1	1	1	1	1	1	1	1	1	1	1	1	1	1	1	1	1	1	1	1	1	1	1	1	1	1	1	1	1	1	1	1	1	1	1	1	1	1	1	1	1	1	1	1	1	1	1	1	1	1	1	1	1	1	1	1	1	1	0	0	0	0	0	0	0	0	0	0
 1	1	1	1	1	1	1	1	1	1	1	1	1	1	1	1	1	1	1	1	1	1	1	1	1	1	1	1	1	1	1	1	1	1	1	1	1	1	1	1	1	1	1	1	1	1	1	1	1	1	1	1	1	1	1	1	1	1	1	1	1	1	1	1	1	1	1	1	1	1	0	0	0	0	0	0	0	0	0	0
 1	1	1	1	1	1	1	1	1	1	1	1	1	1	1	1	1	1	1	1	1	1	1	1	1	1	1	1	1	1	1	1	1	1	1	1	1	1	1	1	1	1	1	1	1	1	1	1	1	1	1	1	1	1	1	1	1	1	1	1	1	1	1	1	1	1	1	1	1	1	0	0	0	0	0	0	0	0	0	0
 1	1	1	1	1	1	1	1	1	1	1	1	1	1	1	1	1	1	1	1	1	1	1	1	1	1	1	1	1	1	1	1	1	1	1	1	1	1	1	1	1	1	1	1	1	1	1	1	1	1	1	1	1	1	1	1	1	1	1	1	1	1	1	1	1	1	1	1	1	1	0	0	0	0	0	0	0	0	0	0
 1	1	1	1	1	1	1	1	1	1	1	1	1	1	1	1	1	1	1	1	1	1	1	1	1	1	1	1	1	1	1	1	1	1	1	1	1	1	1	1	1	1	1	1	1	1	1	1	1	1	1	1	1	1	1	1	1	1	1	1	1	1	1	1	1	1	1	1	1	1	0	0	0	0	0	0	0	0	0	0
 1	1	1	1	1	1	1	1	1	1	1	1	1	1	1	1	1	1	1	1	1	1	1	1	1	1	1	1	1	1	1	1	1	1	1	1	1	1	1	1	1	1	1	1	1	1	1	1	1	1	1	1	1	1	1	1	1	1	1	1	1	1	1	1	1	1	1	1	1	1	0	0	0	0	0	0	0	0	0	0
 1	1	1	1	1	1	1	1	1	1	1	1	1	1	1	1	1	1	1	1	1	1	1	1	1	1	1	1	1	1	1	1	1	1	1	1	1	1	1	1	1	1	1	1	1	1	1	1	1	1	1	1	1	1	1	1	1	1	1	1	1	1	1	1	1	1	1	1	1	1	0	0	0	0	0	0	0	0	0	0
 1	1	1	1	1	1	1	1	1	1	1	1	1	1	1	1	1	1	1	1	1	1	1	1	1	1	1	1	1	1	1	1	1	1	1	1	1	1	1	1	1	1	1	1	1	1	1	1	1	1	1	1	1	1	1	1	1	1	1	1	1	1	1	1	1	1	1	1	1	1	0	0	0	0	0	0	0	0	0	0
 1	1	1	1	1	1	1	1	1	1	1	1	1	1	1	1	1	1	1	1	1	1	1	1	1	1	1	1	1	1	1	1	1	1	1	1	1	1	1	1	1	1	1	1	1	1	1	1	1	1	1	1	1	1	1	1	1	1	1	1	1	1	1	1	1	1	1	1	1	1	0	0	0	0	0	0	0	0	0	0
 1	1	1	1	1	1	1	1	1	1	1	1	1	1	1	1	1	1	1	1	1	1	1	1	1	1	1	1	1	1	1	1	1	1	1	1	1	1	1	1	1	1	1	1	1	1	1	1	1	1	1	1	1	1	1	1	1	1	1	1	1	1	1	1	1	1	1	1	1	1	0	0	0	0	0	0	0	0	0	0
 1	1	1	1	1	1	1	1	1	1	1	1	1	1	1	1	1	1	1	1	1	1	1	1	1	1	1	1	1	1	1	1	1	1	1	1	1	1	1	1	1	1	1	1	1	1	1	1	1	1	1	1	1	1	1	1	1	1	1	1	1	1	1	1	1	1	1	1	1	1	0	0	0	0	0	0	0	0	0	0
 1	1	1	1	1	1	1	1	1	1	1	1	1	1	1	1	1	1	1	1	1	1	1	1	1	1	1	1	1	1	1	1	1	1	1	1	1	1	1	1	1	1	1	1	1	1	1	1	1	1	1	1	1	1	1	1	1	1	1	1	1	1	1	1	1	1	1	1	1	1	0	0	0	0	0	0	0	0	0	0
 1	1	1	1	1	1	1	1	1	1	1	1	1	1	1	1	1	1	1	1	1	1	1	1	1	1	1	1	1	1	1	1	1	1	1	1	1	1	1	1	1	1	1	1	1	1	1	1	1	1	1	1	1	1	1	1	1	1	1	1	1	1	1	1	1	1	1	1	1	1	0	0	0	0	0	0	0	0	0	0
 1	1	1	1	1	1	1	1	1	1	1	1	1	1	1	1	1	1	1	1	1	1	1	1	1	1	1	1	1	1	1	1	1	1	1	1	1	1	1	1	1	1	1	1	1	1	1	1	1	1	1	1	1	1	1	1	1	1	1	1	1	1	1	1	1	1	1	1	1	1	0	0	0	0	0	0	0	0	0	0
 1	1	1	1	1	1	1	1	1	1	1	1	1	1	1	1	1	1	1	1	1	1	1	1	1	1	1	1	1	1	1	1	1	1	1	1	1	1	1	1	1	1	1	1	1	1	1	1	1	1	1	1	1	1	1	1	1	1	1	1	1	1	1	1	1	1	1	1	1	1	0	0	0	0	0	0	0	0	0	0
 1	1	1	1	1	1	1	1	1	1	1	1	1	1	1	1	1	1	1	1	1	1	1	1	1	1	1	1	1	1	1	1	1	1	1	1	1	1	1	1	1	1	1	1	1	1	1	1	1	1	1	1	1	1	1	1	1	1	1	1	1	1	1	1	1	1	1	1	1	1	0	0	0	0	0	0	0	0	0	0
 1	1	1	1	1	1	1	1	1	1	1	1	1	1	1	1	1	1	1	1	1	1	1	1	1	1	1	1	1	1	1	1	1	1	1	1	1	1	1	1	1	1	1	1	1	1	1	1	1	1	1	1	1	1	1	1	1	1	1	1	1	1	1	1	1	1	1	1	1	1	0	0	0	0	0	0	0	0	0	0
 1	1	1	1	1	1	1	1	1	1	1	1	1	1	1	1	1	1	1	1	1	1	1	1	1	1	1	1	1	1	1	1	1	1	1	1	1	1	1	1	1	1	1	1	1	1	1	1	1	1	1	1	1	1	1	1	1	1	1	1	1	1	1	1	1	1	1	1	1	1	0	0	0	0	0	0	0	0	0	0
 1	1	1	1	1	1	1	1	1	1	1	1	1	1	1	1	1	1	1	1	1	1	1	1	1	1	1	1	1	1	1	1	1	1	1	1	1	1	1	1	1	1	1	1	1	1	1	1	1	1	1	1	1	1	1	1	1	1	1	1	1	1	1	1	1	1	1	1	1	1	0	0	0	0	0	0	0	0	0	0
 1	1	1	1	1	1	1	1	1	1	1	1	1	1	1	1	1	1	1	1	1	1	1	1	1	1	1	1	1	1	1	1	1	1	1	1	1	1	1	1	1	1	1	1	1	1	1	1	1	1	1	1	1	1	1	1	1	1	1	1	1	1	1	1	1	1	1	1	1	1	0	0	0	0	0	0	0	0	0	0
 1	1	1	1	1	1	1	1	1	1	1	1	1	1	1	1	1	1	1	1	1	1	1	1	1	1	1	1	1	1	1	1	1	1	1	1	1	1	1	1	1	1	1	1	1	1	1	1	1	1	1	1	1	1	1	1	1	1	1	1	1	1	1	1	1	1	1	1	1	1	0	0	0	0	0	0	0	0	0	0
 .
 .
 .

 POR CON         0.25
 PERMJ CON         1000
 PERMK CON         1000
 **  0 = pinched block, 1 = active block
 PINCHOUTARRAY CON            1
 MODEL BLACKOIL
 TRES 100
 **                 p               Rs              Bo              Zg            viso            visg
 PVT ZG 1
 
       14.700000000000   1.000000000000  1.010000000000  0.993000000000  3.000000000000  0.011600000000
       68.900555555556  10.970977777778  1.013963333333  0.983777777778  2.888888888889  0.011666666667
      123.101111111111  20.941955555556  1.017926666667  0.974555555556  2.777777777778  0.011733333333
      177.301666666667  30.912933333333  1.021890000000  0.965333333333  2.666666666667  0.011800000000
      231.502222222222  40.883911111111  1.025853333333  0.956111111111  2.555555555556  0.011866666667
      285.702777777778  50.854888888889  1.029816666667  0.946888888889  2.444444444444  0.011933333333
      339.903333333333  60.825866666667  1.033780000000  0.937666666667  2.333333333333  0.012000000000
      394.103888888889  70.796844444444  1.037743333333  0.928444444444  2.222222222222  0.012066666667
      448.304444444444  80.767822222222  1.041706666667  0.919222222222  2.111111111111  0.012133333333
      502.505000000000  90.738800000000  1.045670000000  0.910000000000  2.000000000000  0.012200000000
 BWI 0.993407
 CO 3e-5
 CVW 0.0
 CW 2.87e-6
 DENSITY OIL 53
 DENSITY WATER 62.4
 REFPW 4500
 VWI 0.75745
 DENSITY GAS 0.0458171
 PTYPE CON            1
 ROCKFLUID
 RPT 1
 **              Sw             krw            krow               Pcow              Pcowi
 SWT
 
      0.200000000000  0.000000000000  1.000000000000  1450.000000000000  1450.000000000000
      0.220512820513  0.002564102564  0.974358974359    21.857492994394    21.857492994394
      0.241025641026  0.005128205128  0.948717948718    15.455581516074    15.455581516074
      0.261538461538  0.007692307692  0.923076923077    12.619429464124    12.619429464124
      0.282051282051  0.010256410256  0.897435897436    10.928746497197    10.928746497197
      0.302564102564  0.012820512821  0.871794871795     9.774968030638     9.774968030638
      0.323076923077  0.015384615385  0.846153846154     8.923284148787     8.923284148787
      0.343589743590  0.017948717949  0.820512820513     8.261355820929     8.261355820929
      0.364102564103  0.020512820513  0.794871794872     7.727790758037     7.727790758037
      0.384615384615  0.023076923077  0.769230769231     7.285830998131     7.285830998131
      0.405128205128  0.025641025641  0.743589743590     6.911946180346     6.911946180346
      0.425641025641  0.028205128205  0.717948717949     6.590282101839     6.590282101839
      0.446153846154  0.030769230769  0.692307692308     6.309714732062     6.309714732062
      0.466666666667  0.033333333333  0.666666666667     6.062177826491     6.062177826491
      0.487179487179  0.035897435897  0.641025641026     5.841660722774     5.841660722774
      0.507692307692  0.038461538462  0.615384615385     5.643580423809     5.643580423809
      0.528205128205  0.041025641026  0.589743589744     5.464373248599     5.464373248599
      0.548717948718  0.043589743590  0.564102564103     5.301220725123     5.301220725123
      0.569230769231  0.046153846154  0.538461538462     5.151860505358     5.151860505358
      0.589743589744  0.048717948718  0.512820512821     5.014452795880     5.014452795880
      0.610256410256  0.051282051282  0.487179487179     4.887484015319     4.887484015319
      0.630769230769  0.053846153846  0.461538461538     4.769696007085     4.769696007085
      0.651282051282  0.056410256410  0.435897435897     4.660033164143     4.660033164143
      0.671794871795  0.058974358974  0.410256410256     4.557602344483     4.557602344483
      0.692307692308  0.061538461538  0.384615384615     4.461642074394     4.461642074394
      0.712820512821  0.064102564103  0.358974358974     4.371498598879     4.371498598879
      0.733333333333  0.066666666667  0.333333333333     4.286607049871     4.286607049871
      0.753846153846  0.069230769231  0.307692307692     4.206476488041     4.206476488041
      0.774358974359  0.071794871795  0.282051282051     4.130677910465     4.130677910465
      0.794871794872  0.074358974359  0.256410256410     4.058834553297     4.058834553297
      0.815384615385  0.076923076923  0.230769230769     3.990613987847     3.990613987847
      0.835897435897  0.079487179487  0.205128205128     3.925721630806     3.925721630806
      0.856410256410  0.082051282051  0.179487179487     3.863895379018     3.863895379018
      0.876923076923  0.084615384615  0.153846153846     3.804901145532     3.804901145532
      0.897435897436  0.087179487179  0.128205128205     3.748529123301     3.748529123301
      0.917948717949  0.089743589744  0.102564102564     3.694590640382     3.694590640382
      0.938461538462  0.092307692308  0.076923076923     3.642915499066     3.642915499066
      0.958974358974  0.094871794872  0.051282051282     3.593349713312     3.593349713312
      0.979487179487  0.097435897436  0.025641025641     3.545753575906     3.545753575906
      1.000000000000  0.100000000000  0.000000000000     3.500000000000     3.500000000000
 **        Sl           krg          krog
 SLT
 
           0.2           0.1             0
        0.2375      0.079781  3.55849e-006
         0.275     0.0626655  4.02598e-005
        0.3125     0.0483484   0.000166414
          0.35     0.0365354   0.000455487
        0.3875     0.0269435   0.000994629
         0.425      0.019301    0.00188276
        0.4625     0.0133484    0.00322931
           0.5    0.00883883    0.00515325
        0.5375     0.0055389    0.00778243
         0.575    0.00322931     0.0112529
        0.6125    0.00170598     0.0157087
          0.65    0.00078125      0.021301
        0.6875   0.000285433     0.0281882
         0.725  6.90534e-005     0.0365354
        0.7625  6.10352e-006     0.0465142
           0.8             0     0.0583024
          0.85             0     0.0771531
           0.9             0           0.1

 ===================== WARNING (from subroutine: ENDPTS) ======================
  The first entry for Krow in the water-oil table should be equal to the entry for
  Krog in the liquid-gas table where Sl=1 or Sg=0 for Rock type # 1, set # 1.
 ==============================================================================


 =============== WARNING (from subroutine: CHK_BLK_ENDPTS_INIT) ===============
  Max. Krow is not equal to max. Krog at (I,J,K) = 1,2,1,
  rock type # 1, set # 1. Check the block's Kro scaling.
 ==============================================================================

 INITIAL
 VERTICAL BLOCK_CENTER WATER_OIL
 
 REFDEPTH 7495
 REFPRES 4500
 DWOC 0
 PB CON      502.505
 NUMERICAL

 ===================== SUMMARY (from subroutine: INDATA) ======================
  Reading of initial data is complete.
  Simulation will stop if there were error messages.
     3 Warning messages.    0 Error messages.
 ==============================================================================




         Capillary pressure - Gravity initialization


         Successful Initialization


1
 RUN
 DATE 2020 9 9
 **

 ================== INFORMATIONAL (from subroutine: WMWLIN) ===================
  The well named "Well-1" is assigned the well number 1.
   
 ==============================================================================

 WELL  'Well-1'
 **          rad  geofac  wfrac  skin
 GEOMETRY  K  0.25  0.37  1.0  0.0
       PERF      GEOA  'Well-1'
 ** UBA             ff          Status  Connection
     1 1 1         1.0  OPEN    FLOW-TO  'SURFACE'

 ===================== SUMMARY (from subroutine: INWELL) ======================
  Reading of well data is complete.
  Simulation will stop if there were error messages.
     3 Warning messages.    0 Error messages.
 ==============================================================================

    Material in place including all subgrids, (o,w,g):     -74.725     STB     0.69648E+08 STB     -6780.5     SCF
1



                   ****************************************************************************************************
                   *                                PVT Functions (Region   1)                                        *
                   *--------------------------------------------------------------------------------------------------*
                   *   pressure    sol'n gas     oil fvf      gas fvf    gas exp   oil visc   gas visc     co         *
                   *     psia       SCF/STB      rbb/STB      rbb/SCF    SCF/rbb      cp         cp        1/psi      *
                   *                                                                                                  *
                   *      14.700       1.000     1.01000     0.19042       5.252   3.000      1.1600E-02  3.0000E-05  *
                   *      68.901      10.971     1.01396     0.04025      24.846   2.889      1.1667E-02  3.0000E-05  *
                   *     123.101      20.942     1.01793     0.02232      44.810   2.778      1.1733E-02  3.0000E-05  *
                   *     177.302      30.913     1.02189     0.01535      65.157   2.667      1.1800E-02  3.0000E-05  *
                   *     231.502      40.884     1.02585     0.01164      85.895   2.556      1.1867E-02  3.0000E-05  *
                   *     285.703      50.855     1.02982     0.00934     107.038   2.444      1.1933E-02  3.0000E-05  *
                   *     339.903      60.826     1.03378     0.00778     128.597   2.333      1.2000E-02  3.0000E-05  *
                   *     394.104      70.797     1.03774     0.00664     150.584   2.222      1.2067E-02  3.0000E-05  *
                   *     448.304      80.768     1.04171     0.00578     173.012   2.111      1.2133E-02  3.0000E-05  *
                   *     502.505      90.739     1.04567     0.00510     195.894   2.000      1.2200E-02  3.0000E-05  *
                   ****************************************************************************************************
1
 
                   ***************************************************************************
                   *              Water-Oil Saturation Functions (Rock Type   1, Set   1)    *
                   *-------------------------------------------------------------------------*
                   *       SWT              KRW           KRNW          Drainage  Imbibition *
                   *                                                      PCNW       PCNWI   *
                   *                                                      psia       psia    *
                   *     0.20000         0.00000         1.00000       1450.0      1450.0    *
                   *     0.22051         0.00256         0.97436       21.857      21.857    *
                   *     0.24103         0.00513         0.94872       15.456      15.456    *
                   *     0.26154         0.00769         0.92308       12.619      12.619    *
                   *     0.28205         0.01026         0.89744       10.929      10.929    *
                   *     0.30256         0.01282         0.87179       9.7750      9.7750    *
                   *     0.32308         0.01538         0.84615       8.9233      8.9233    *
                   *     0.34359         0.01795         0.82051       8.2614      8.2614    *
                   *     0.36410         0.02051         0.79487       7.7278      7.7278    *
                   *     0.38462         0.02308         0.76923       7.2858      7.2858    *
                   *     0.40513         0.02564         0.74359       6.9119      6.9119    *
                   *     0.42564         0.02821         0.71795       6.5903      6.5903    *
                   *     0.44615         0.03077         0.69231       6.3097      6.3097    *
                   *     0.46667         0.03333         0.66667       6.0622      6.0622    *
                   *     0.48718         0.03590         0.64103       5.8417      5.8417    *
                   *     0.50769         0.03846         0.61538       5.6436      5.6436    *
                   *     0.52821         0.04103         0.58974       5.4644      5.4644    *
                   *     0.54872         0.04359         0.56410       5.3012      5.3012    *
                   *     0.56923         0.04615         0.53846       5.1519      5.1519    *
                   *     0.58974         0.04872         0.51282       5.0145      5.0145    *
                   *     0.61026         0.05128         0.48718       4.8875      4.8875    *
                   *     0.63077         0.05385         0.46154       4.7697      4.7697    *
                   *     0.65128         0.05641         0.43590       4.6600      4.6600    *
                   *     0.67179         0.05897         0.41026       4.5576      4.5576    *
                   *     0.69231         0.06154         0.38462       4.4616      4.4616    *
                   *     0.71282         0.06410         0.35897       4.3715      4.3715    *
                   *     0.73333         0.06667         0.33333       4.2866      4.2866    *
                   *     0.75385         0.06923         0.30769       4.2065      4.2065    *
                   *     0.77436         0.07179         0.28205       4.1307      4.1307    *
                   *     0.79487         0.07436         0.25641       4.0588      4.0588    *
                   *     0.81538         0.07692         0.23077       3.9906      3.9906    *
                   *     0.83590         0.07949         0.20513       3.9257      3.9257    *
                   *     0.85641         0.08205         0.17949       3.8639      3.8639    *
                   *     0.87692         0.08462         0.15385       3.8049      3.8049    *
                   *     0.89744         0.08718         0.12821       3.7485      3.7485    *
                   *     0.91795         0.08974         0.10256       3.6946      3.6946    *
                   *     0.93846         0.09231         0.07692       3.6429      3.6429    *
                   *     0.95897         0.09487         0.05128       3.5933      3.5933    *
                   *     0.97949         0.09744         0.02564       3.5458      3.5458    *
                   *     1.00000         0.10000         0.00000       3.5000      3.5000    *
                   ***************************************************************************


 
                   ***************************************************************************
                   *         Gas-Liquid Saturation Functions (Rock Type   1, Set   1)        *
                   *-------------------------------------------------------------------------*
                   *       SLT              KRG           KRNG          Drainage  Imbibition *
                   *                                                      PCNG       PCNGI   *
                   *                                                      psia       psia    *
                   *     0.20000         0.10000         0.00000       0.0000                *
                   *     0.23750         0.07978         0.00000       0.0000                *
                   *     0.27500         0.06267         0.00004       0.0000                *
                   *     0.31250         0.04835         0.00017       0.0000                *
                   *     0.35000         0.03654         0.00046       0.0000                *
                   *     0.38750         0.02694         0.00099       0.0000                *
                   *     0.42500         0.01930         0.00188       0.0000                *
                   *     0.46250         0.01335         0.00323       0.0000                *
                   *     0.50000         0.00884         0.00515       0.0000                *
                   *     0.53750         0.00554         0.00778       0.0000                *
                   *     0.57500         0.00323         0.01125       0.0000                *
                   *     0.61250         0.00171         0.01571       0.0000                *
                   *     0.65000         0.00078         0.02130       0.0000                *
                   *     0.68750         0.00029         0.02819       0.0000                *
                   *     0.72500         0.00007         0.03654       0.0000                *
                   *     0.76250         0.00001         0.04651       0.0000                *
                   *     0.80000         0.00000         0.05830       0.0000                *
                   *     0.85000         0.00000         0.07715       0.0000                *
                   *     0.90000         0.00000         0.10000       0.0000                *
                   ***************************************************************************


1

                                                       *************************
                                                       * SIMULATION PARAMETERS *
                                                       *************************



                                     Number of grid blocks in x direction:           80
                                     Number of grid blocks in y direction:           75
                                     Number of grid blocks in z direction:            1
                                     Total number of grid blocks:                  4146

                                     Number of equations:                             3
                                     Number of orthogonalizations:                   30
                                     Maximum number of Newton iterations:            10

                                               PVT REGION  1
                                               **************

                                     Oil density at stock tank conditions:       53.00000  lbm/ ft 3
                                     Gas density at standard conditions:          0.04582  lbm/ ft 3
                                     Oil Viscosity Pressure Derivative:       0.00000E+00    cp /psi
                                     Water density at stock tank conditions:     62.40000  lbm/ ft 3
                                     Water Formation Vol. Factor:                 0.99341   m3/m3, RB/STB or cm3/cm3
                                     Water Compressibility:                   0.28700E-05   1/psi
                                     Water reference Pressure *REFPW:          4500.00000   psia
                                     Water Viscosity at *REFPW:                   0.75745    cp 
                                     Water Viscosity Pressure Derivative:     0.00000E+00    cp /psi

                                     Rock compressibility:                     0.0000      1/psi

                                               INITIALIZATION REGION  1
                                               *************************
                                     Reference Depth *REFDEPTH:                7495.00000   ft
                                     Reference Pressure *REFPRES:              4500.00000   psia
                                     Depth to Water Contact:                      0.00000   ft
                                     Depth to Gas Contact:                       -0.00000   ft
1
 ***********************************************************************************************************************************
 TIME: 0.0000 days                              I M E X   S E C T O R   S U M M A R Y                             DATE: 2020:09:09  
 ***********************************************************************************************************************************
 ===================================================================================================================================
 
                                SECTOR-1                                                                                            
                                Entire                                                                                              
                                 Field                                                                                              
   Total Pore Volume.  M rbbl    69228                                                                                              
   HC. Pore Volume     M rbbl  -.06923                                                                                              
 Fluids in Place
   Total Gas          MM SCF   -.00678                                                                                              
   Free Gas           MM SCF                                                                                                        
   Water               M STB     69648                                                                                              
   Reservoir Gas       M rbbl                                                                                                       
   Reservoir Water     M rbbl    69228                                                                                              
 Average Pressure 
   Total Pore Volume  psia      4303.0                                                                                              
   HC. Pore Volume    psia      -47360                                                                                              
 Average P/Z 
   Total Pore Volume  psia      5075.1                                                                                              
   HC. Pore Volume    psia      -55858                                                                                              
 Average Saturation %
   Gas                                                                                                                              
   Water                        100.00                                                                                              
 Percentage Recovery 
   Total Gas                                                                                                                        
   Water                                                                                                                            
 Cumulative Injection 
   Gas             MM SCF                                                                                                           
   Water            M STB                                                                                                           
 Cumulative Production 
   Gas             MM SCF                                                                                                           
   Water            M STB                                                                                                           
 Injection Rate 
   Gas             MM SCF/days                                                                                                      
   Water            M STB/days                                                                                                      
 Production Rate 
   Gas             MM SCF/days                                                                                                      
   Water            M STB/days                                                                                                      
 

                             I M E X   T I M E   S T E P   S U M M A R Y
 ===================================================================================================
    Time Step           Time          Total Production      Total Injection  Total Max. Max. Change
 ---------------- ---------------- ----------------------- -----------------  PV   Mat. ------------
                C                    Gas     Water    WGR    Gas     Water   Avg.  bal. Satur. Pres.
        Size    U                                    STB/                    Pres. err. DSMAX  DPMAX
  No.   Days IT T Days   yy:mm:dd   MCF/D    STB/D   MSCF   MCF/D    STB/D   psia   %          psia
 ------ ---- -- - ----- ---------- -------- -------- ----- -------- -------- ----- ---- ------ -----
     1w 1.00 1  0 1.000 2020:09:10                                            4303 0  w  e-13g -.003
1
 ***********************************************************************************************************************************
 TIME: 1.0000 days                              I M E X   S E C T O R   S U M M A R Y                             DATE: 2020:09:10  
 ***********************************************************************************************************************************
 ===================================================================================================================================
 
                                SECTOR-1                                                                                            
                                Entire                                                                                              
                                 Field                                                                                              
   Total Pore Volume.  M rbbl    69228                                                                                              
   HC. Pore Volume     M rbbl  -.06923                                                                                              
 Fluids in Place
   Total Gas          MM SCF   -.00678                                                                                              
   Free Gas           MM SCF                                                                                                        
   Water               M STB     69648                                                                                              
   Reservoir Gas       M rbbl                                                                                                       
   Reservoir Water     M rbbl    69228                                                                                              
 Average Pressure 
   Total Pore Volume  psia      4303.0                                                                                              
   HC. Pore Volume    psia      -47360                                                                                              
 Average P/Z 
   Total Pore Volume  psia      5075.1                                                                                              
   HC. Pore Volume    psia      -55858                                                                                              
 Average Saturation %
   Gas                                                                                                                              
   Water                        100.00                                                                                              
 Percentage Recovery 
   Total Gas                                                                                                                        
   Water                                                                                                                            
 Cumulative Injection 
   Gas             MM SCF                                                                                                           
   Water            M STB                                                                                                           
 Cumulative Production 
   Gas             MM SCF                                                                                                           
   Water            M STB                                                                                                           
 Injection Rate 
   Gas             MM SCF/days                                                                                                      
   Water            M STB/days                                                                                                      
 Production Rate 
   Gas             MM SCF/days                                                                                                      
   Water            M STB/days                                                                                                      
 



 
 No Wells have been operated in the Field.
 ===================================================================================================================================
1
 DATE 2020 9 10.00000

 ===================== SUMMARY (from subroutine: TSIO)   ======================
  Simulation run terminated. Stopping time reached.
    
     3 Warning messages.    0 Error messages.
 ==============================================================================



     ***********************************************
     A V A I L A B L E    R E S T A R T    T I M E S
     ***********************************************

     No restart information is available.


       Field Total                             Fluid
                             Oil       Gas       Water    Solvent   Polymer 
                            -------   -------   -------   -------   -------
                            (MSTB)    (MMSCF)   (MSTB)    (MMSCF)   (MLB) 
  Cumulative Production       NA         0         0        NA        NA   
  Cumulative Injection        NA         0         0        NA        NA   
  Cumulative Gas Lift         NA         0        NA        NA        NA   
  Cumulative Water Influx     NA        NA         0        NA        NA   
  Current Fluids In Place     NA      -.00678     69648     NA        NA   
  Production Rates            NA         0         0        NA        NA   
  Injection Rates             NA         0         0        NA        NA   

  Timesteps:      1  Newton Cycles:        1  Cuts:      0  Solver Iterations:           25
  Average Implicitness    : 0.000
  Material Balances (wg  ): 1.000 1.000
  Average Active Blocks:        4146 Average Non-BHP Active Wells:     0
  Total Blocks :        6000 Total Wells :     1
  Active Blocks:        4146 Non-BHP Active Wells:     0
  Total lstpro/lstpar calls:     3
  Time at end of simulation:   1.00000     (days)   
  Average reservoir pressure excluding water zone:          (psi)    
  Total Number of Solver Failures:       0  Stalls:       0  ITERMAX Reached:       0
  Jacobian Domains      8
  Linear Solver: Parasol
  Number of level 1 solver classes:    8
  AUTOPSLAB Cutting Direction:    J
  Preconditioner Ordering:REDBLACK
  Preconditioner Degree aa, ab, as, bb, ba:    1    2    1    1    1
  KMP_AFFINITY: Default
  OMP_SCHEDULE: Default
  Max Solver Iterations (TS,CUT,NCYC):  25 (    1, 0,  1 )
  Number of threads set:    8
  Total number of cpus:    8
  Number of threads for grid module:    8
  Memory Usage Peak:       42 MB on TS:    1  TS 1 Peak:       42 MB  Average:       42 MB  VM Size:       54 MB
  Memory Usage Final Size:         43 MB
  Host computer: PGE-LRC-33

  End of Simulation: Normal Termination

  CPU Time:             1.25 seconds
  Elapsed Time:         0.41 seconds

  Date and Time of End of Run:  Sep 11, 2020  17:58:45

